Determining if the pthread_create exist failed with the following output:
Change Dir: /home/machy-core/build-arm/CMakeFiles/CMakeTmp

Run Build Command:"/usr/bin/make" "cmTC_61819/fast"
/usr/bin/make -f CMakeFiles/cmTC_61819.dir/build.make CMakeFiles/cmTC_61819.dir/build
make[1]: Entering directory '/home/machy-core/build-arm/CMakeFiles/CMakeTmp'
Building C object CMakeFiles/cmTC_61819.dir/CheckSymbolExists.c.o
/usr/bin/cc    -o CMakeFiles/cmTC_61819.dir/CheckSymbolExists.c.o   -c /home/machy-core/build-arm/CMakeFiles/CMakeTmp/CheckSymbolExists.c
Linking C executable cmTC_61819
/usr/bin/cmake -E cmake_link_script CMakeFiles/cmTC_61819.dir/link.txt --verbose=1
/usr/bin/cc      CMakeFiles/cmTC_61819.dir/CheckSymbolExists.c.o  -o cmTC_61819 
/usr/bin/ld: CMakeFiles/cmTC_61819.dir/CheckSymbolExists.c.o: in function `main':
CheckSymbolExists.c:(.text+0x2c): undefined reference to `pthread_create'
collect2: error: ld returned 1 exit status
make[1]: *** [CMakeFiles/cmTC_61819.dir/build.make:87: cmTC_61819] Error 1
make[1]: Leaving directory '/home/machy-core/build-arm/CMakeFiles/CMakeTmp'
make: *** [Makefile:121: cmTC_61819/fast] Error 2

File /home/machy-core/build-arm/CMakeFiles/CMakeTmp/CheckSymbolExists.c:
/* */
#include <pthread.h>

int main(int argc, char** argv)
{
  (void)argv;
#ifndef pthread_create
  return ((int*)(&pthread_create))[argc];
#else
  (void)argc;
  return 0;
#endif
}

Determining if the function pthread_create exists in the pthreads failed with the following output:
Change Dir: /home/machy-core/build-arm/CMakeFiles/CMakeTmp

Run Build Command:"/usr/bin/make" "cmTC_179ee/fast"
/usr/bin/make -f CMakeFiles/cmTC_179ee.dir/build.make CMakeFiles/cmTC_179ee.dir/build
make[1]: Entering directory '/home/machy-core/build-arm/CMakeFiles/CMakeTmp'
Building C object CMakeFiles/cmTC_179ee.dir/CheckFunctionExists.c.o
/usr/bin/cc   -DCHECK_FUNCTION_EXISTS=pthread_create   -o CMakeFiles/cmTC_179ee.dir/CheckFunctionExists.c.o   -c /usr/share/cmake-3.13/Modules/CheckFunctionExists.c
Linking C executable cmTC_179ee
/usr/bin/cmake -E cmake_link_script CMakeFiles/cmTC_179ee.dir/link.txt --verbose=1
/usr/bin/cc  -DCHECK_FUNCTION_EXISTS=pthread_create    CMakeFiles/cmTC_179ee.dir/CheckFunctionExists.c.o  -o cmTC_179ee -lpthreads 
/usr/bin/ld: cannot find -lpthreads
collect2: error: ld returned 1 exit status
make[1]: *** [CMakeFiles/cmTC_179ee.dir/build.make:87: cmTC_179ee] Error 1
make[1]: Leaving directory '/home/machy-core/build-arm/CMakeFiles/CMakeTmp'
make: *** [Makefile:121: cmTC_179ee/fast] Error 2


